SF:lib\app\home\domain\entities\pokemon_data_entity.dart
DA:18,3
LF:1
LH:1
end_of_record
SF:lib\app\home\domain\entities\pokemon_url_entity.dart
DA:4,4
LF:1
LH:1
end_of_record
SF:lib\app\home\domain\usecases\get_pokemon_data_usecase\get_pokemon_data_usecase.dart
DA:12,1
DA:13,1
DA:16,1
DA:17,3
DA:18,3
DA:19,1
DA:20,1
DA:21,2
DA:23,1
LF:9
LH:9
end_of_record
SF:lib\app\core\shared\failure\app_exception\i_app_exception.dart
DA:4,3
LF:1
LH:1
end_of_record
SF:lib\app\core\shared\services\http\helpers\params.dart
DA:10,2
DA:27,0
DA:44,0
LF:3
LH:1
end_of_record
SF:lib\app\core\shared\services\http\helpers\responses.dart
DA:4,2
DA:13,0
DA:21,0
LF:3
LH:1
end_of_record
SF:lib\app\home\domain\entities\pokemon_ability_entity.dart
DA:3,1
LF:1
LH:1
end_of_record
SF:lib\app\home\domain\entities\pokemon_type_entity.dart
DA:6,1
LF:1
LH:1
end_of_record
SF:lib\app\home\domain\helpers\enums\enum_type_pokemon.dart
DA:20,1
DA:21,1
DA:22,2
DA:25,2
DA:28,0
DA:31,0
DA:34,0
DA:37,0
DA:40,0
DA:43,0
DA:46,0
DA:49,0
DA:52,0
DA:55,0
DA:62,0
DA:63,0
DA:66,0
DA:69,0
DA:72,0
DA:75,0
DA:78,0
DA:81,0
DA:84,0
DA:87,0
DA:90,0
DA:93,0
DA:96,0
LF:27
LH:4
end_of_record
SF:lib\app\home\external\datasources\get_pokemon_data_datasource.dart
DA:12,1
DA:15,1
DA:17,2
DA:18,2
DA:20,1
DA:21,1
LF:6
LH:6
end_of_record
SF:lib\app\home\external\mapper\pokemon_data_mapper.dart
DA:6,1
DA:7,1
DA:8,1
DA:9,1
DA:10,4
DA:11,3
DA:12,3
DA:13,3
DA:14,3
DA:15,3
DA:16,3
DA:17,2
DA:18,3
DA:19,1
DA:20,1
DA:21,1
DA:22,2
DA:23,3
DA:24,1
LF:19
LH:19
end_of_record
SF:lib\app\home\external\mapper\pokemon_ability_mapper.dart
DA:4,1
DA:5,3
LF:2
LH:2
end_of_record
SF:lib\app\home\external\mapper\pokemon_type_mapper.dart
DA:6,1
DA:7,1
DA:9,3
LF:3
LH:3
end_of_record
SF:lib\app\core\shared\failure\app_exception\app_exception.dart
DA:4,3
DA:7,3
LF:2
LH:2
end_of_record
SF:lib\app\home\domain\helpers\params\get_pokemon_url_param.dart
DA:4,4
LF:1
LH:1
end_of_record
SF:lib\app\home\presenter\stores\home_store.dart
DA:12,1
DA:17,2
DA:19,1
DA:20,2
DA:21,1
DA:22,2
DA:23,2
DA:24,2
DA:29,1
DA:30,4
DA:31,4
DA:32,3
DA:33,1
DA:34,2
DA:35,2
DA:42,1
DA:43,5
LF:17
LH:17
end_of_record
SF:lib\app\home\presenter\stores\state\home_state.dart
DA:10,1
DA:17,2
DA:18,1
DA:19,1
DA:20,1
DA:24,1
DA:30,1
DA:31,1
DA:32,1
DA:33,1
DA:34,1
LF:11
LH:11
end_of_record
SF:lib\app\home\domain\usecases\get_pokemon_usecase\get_pokemon_url_usecase.dart
DA:12,1
DA:13,1
DA:16,2
LF:3
LH:3
end_of_record
SF:lib\app\home\external\datasources\get_pokemon_url_datasource.dart
DA:12,1
DA:15,1
DA:17,2
DA:18,2
DA:20,3
DA:21,4
LF:6
LH:6
end_of_record
SF:lib\app\home\external\mapper\pokemon_url_mapper.dart
DA:4,1
DA:5,1
DA:6,1
DA:7,1
LF:4
LH:4
end_of_record
SF:lib\app\home\infra\repositories\get_pokemon_url_repository.dart
DA:12,1
DA:14,1
DA:18,2
DA:19,1
DA:20,1
DA:21,1
LF:6
LH:6
end_of_record
SF:lib\app\home\infra\repositories\get_pokemon_data_repository.dart
DA:12,1
DA:14,1
DA:18,2
DA:19,1
DA:20,1
DA:21,1
LF:6
LH:6
end_of_record
